<?xml version="1.0" encoding="UTF-8"?>
<!-- Generated by org.testng.reporters.JUnitReportReporter -->
<testsuite skipped="0" hostname="QTLSYS0-225" name="tests.QCStore" tests="1" failures="0" timestamp="21 Sep 2020 08:55:47 GMT" time="204.511" errors="0">
  <testcase name="QC_Sprint_Online_ILILP_DC_ACH_Txn_Testdata" time="204.511" classname="tests.QCStore"/>
</testsuite> <!-- tests.QCStore -->
