<?xml version="1.0" encoding="UTF-8"?>
<!-- Generated by org.testng.reporters.JUnitReportReporter -->
<testsuite skipped="0" hostname="QTLSYS0-225" name="tests.QCStore" tests="1" failures="0" timestamp="23 Sep 2020 08:57:38 GMT" time="767.156" errors="0">
  <testcase name="QC_Online_NVPDL_ACH_DC_Txn_Testdata" time="767.156" classname="tests.QCStore"/>
</testsuite> <!-- tests.QCStore -->
